info it worked if it ends with ok
verbose cli [ 'node', '/usr/local/bin/npm', 'link', 'looseleaf' ]
info using npm@1.0.6
info using node@v0.4.5
verbose config file /home/user/.npmrc
verbose config file /usr/local/etc/npmrc
verbose install(where, what) [ '/usr/local/lib', [ 'looseleaf' ] ]
silly testEngine { name: 'npm',
silly testEngine   description: 'A package manager for node',
silly testEngine   keywords: 
silly testEngine    [ 'package manager',
silly testEngine      'modules',
silly testEngine      'install',
silly testEngine      'package.json' ],
silly testEngine   version: '1.0.6',
silly testEngine   preferGlobal: true,
silly testEngine   config: { publishtest: false },
silly testEngine   homepage: 'http://npmjs.org/',
silly testEngine   author: 
silly testEngine    { name: 'Isaac Z. Schlueter',
silly testEngine      email: 'i@izs.me',
silly testEngine      url: 'http://blog.izs.me' },
silly testEngine   repository: 
silly testEngine    { type: 'git',
silly testEngine      url: 'git://github.com/isaacs/npm.git' },
silly testEngine   bugs: 
silly testEngine    { email: 'npm-@googlegroups.com',
silly testEngine      url: 'http://github.com/isaacs/npm/issues' },
silly testEngine   directories: 
silly testEngine    { doc: './doc',
silly testEngine      man: './man1',
silly testEngine      lib: './lib',
silly testEngine      bin: './bin' },
silly testEngine   main: 'npm',
silly testEngine   bin: { npm: './bin/npm.js' },
silly testEngine   dependencies: 
silly testEngine    { semver: '1',
silly testEngine      abbrev: '1',
silly testEngine      nopt: '1',
silly testEngine      'node-uuid': '1.1' },
silly testEngine   bundleDependencies: [ 'semver', 'abbrev', 'nopt' ],
silly testEngine   devDependencies: { ronn: '' },
silly testEngine   engines: { node: '0.4 || 0.5', npm: '1' },
silly testEngine   scripts: { test: './test/run.sh', prepublish: 'make doc' },
silly testEngine   licenses: 
silly testEngine    [ { type: 'MIT',
silly testEngine        url: 'http://github.com/isaacs/npm/raw/master/LICENSE' } ],
silly testEngine   contributors: 
silly testEngine    [ { name: 'Isaac Z. Schlueter',
silly testEngine        email: 'i@izs.me',
silly testEngine        url: 'http://blog.izs.me/' },
silly testEngine      { name: 'Steve Steiner',
silly testEngine        email: 'ssteinerX@gmail.com',
silly testEngine        url: 'http://websaucesoftware.com/blog/' },
silly testEngine      { name: 'Mikeal Rogers',
silly testEngine        email: 'mikeal.rogers@gmail.com',
silly testEngine        url: 'http://www.mikealrogers.com/' },
silly testEngine      { name: 'Aaron Blohowiak',
silly testEngine        email: 'aaron.blohowiak@gmail.com',
silly testEngine        url: 'http://aaronblohowiak.com/' },
silly testEngine      { name: 'Martyn Smith',
silly testEngine        email: 'martyn@dollyfish.net.nz',
silly testEngine        url: 'http://dollyfish.net.nz/' },
silly testEngine      { name: 'Mathias Pettersson',
silly testEngine        email: 'mape@mape.me',
silly testEngine        url: 'http://mape.me/' },
silly testEngine      { name: 'Brian Hammond',
silly testEngine        email: 'brian@fictorial.com',
silly testEngine        url: 'http://fictorial.com/' },
silly testEngine      { name: 'Charlie Robbins',
silly testEngine        email: 'charlie.robbins@gmail.com',
silly testEngine        url: 'http://www.charlierobbins.com/' },
silly testEngine      { name: 'Francisco Treacy',
silly testEngine        email: 'francisco.treacy@gmail.com',
silly testEngine        url: 'http://franciscotreacy.com/' },
silly testEngine      { name: 'Cliffano Subagio',
silly testEngine        email: 'cliffano@gmail.com',
silly testEngine        url: 'http://blog.cliffano.com/' },
silly testEngine      { name: 'Christian Eager',
silly testEngine        email: 'christian.eager@nokia.com',
silly testEngine        url: 'http://perpenduum.com' },
silly testEngine      { name: 'Dav Glass',
silly testEngine        email: 'davglass@gmail.com',
silly testEngine        url: 'http://blog.davglass.com' },
silly testEngine      { name: 'Alex K. Wolfe',
silly testEngine        email: 'alexkwolfe@gmail.com' },
silly testEngine      { name: 'James Sanders',
silly testEngine        email: 'jimmyjazz14@gmail.com',
silly testEngine        url: 'http://james-sanders.com/' },
silly testEngine      { name: 'Reid Burke',
silly testEngine        email: 'me@reidburke.com',
silly testEngine        url: 'http://reidburke.com/' },
silly testEngine      { name: 'Arlo Breault',
silly testEngine        email: 'arlolra@gmail.com',
silly testEngine        url: 'http://thoughtherder.com/' },
silly testEngine      { name: 'Timo Derstappen',
silly testEngine        email: 'teemow@gmail.com',
silly testEngine        url: 'http://teemow.com' },
silly testEngine      { name: 'Bradley Meck',
silly testEngine        email: 'bradley.meck@gmail.com' },
silly testEngine      { name: 'Bart Teeuwisse',
silly testEngine        email: 'bart.teeuwisse@thecodemill.biz',
silly testEngine        url: 'http://thecodemill.biz/' },
silly testEngine      { name: 'Ben Noordhuis',
silly testEngine        email: 'info@bnoordhuis.nl',
silly testEngine        url: 'http://bnoordhuis.nl/' },
silly testEngine      { name: 'Tor Valamo',
silly testEngine        email: 'tor.valamo@gmail.com',
silly testEngine        url: 'http://www.magnimedia.no/' },
silly testEngine      { name: 'Whyme.Lyu',
silly testEngine        email: '5longluna@gmail.com',
silly testEngine        url: 'http://whyme.kuantu.com/' },
silly testEngine      { name: 'Olivier Melcher',
silly testEngine        email: 'olivier.melcher@gmail.com' },
silly testEngine      { name: 'Tomaž Muraus',
silly testEngine        email: 'kami@k5-storitve.net',
silly testEngine        url: 'http://www.tomaz-muraus.info' },
silly testEngine      { name: 'Evan Meagher',
silly testEngine        email: 'evan.meagher@gmail.com',
silly testEngine        url: 'http://evanmeagher.net/' },
silly testEngine      { name: 'Orlando Vazquez',
silly testEngine        email: 'ovazquez@gmail.com',
silly testEngine        url: 'http://2wycked.net/' },
silly testEngine      { name: 'George Miroshnykov',
silly testEngine        email: 'gmiroshnykov@lohika.com' },
silly testEngine      { name: 'Geoff Flarity',
silly testEngine        url: 'http://ca.linkedin.com/pub/geoff-flarity/a/536/43a' },
silly testEngine      { name: 'Pete Kruckenberg',
silly testEngine        email: 'pete@kruckenberg.com' },
silly testEngine      { name: 'Laurie Harper',
silly testEngine        email: 'laurie@holoweb.net',
silly testEngine        url: 'http://laurie.holoweb.net/' },
silly testEngine      { name: 'Chris Wong',
silly testEngine        email: 'chris@chriswongstudio.com' },
silly testEngine      { name: 'Max Goodman',
silly testEngine        email: 'c@chromacode.com',
silly testEngine        url: 'http://chromacode.com/' },
silly testEngine      { name: 'Scott Bronson',
silly testEngine        email: 'brons_github@rinspin.com' },
silly testEngine      { name: 'Federico Romero',
silly testEngine        email: 'federomero@gmail.com' } ],
silly testEngine   _id: 'npm@1.0.6',
silly testEngine   _engineSupported: true,
silly testEngine   _npmVersion: '1.0.6',
silly testEngine   _nodeVersion: 'v0.4.5',
silly testEngine   _defaultsLoaded: true,
silly testEngine   man: 
silly testEngine    [ 'man1/whoami.1',
silly testEngine      'man1/start.1',
silly testEngine      'man1/outdated.1',
silly testEngine      'man1/test.1',
silly testEngine      'man1/unpublish.1',
silly testEngine      'man1/find.1',
silly testEngine      'man1/prune.1',
silly testEngine      'man1/author.1',
silly testEngine      'man1/build.1',
silly testEngine      'man1/update.1',
silly testEngine      'man1/link.1',
silly testEngine      'man1/changelog.1',
silly testEngine      'man1/cache.1',
silly testEngine      'man1/owner.1',
silly testEngine      'man1/removing-npm.1',
silly testEngine      'man1/tag.1',
silly testEngine      'man1/edit.1',
silly testEngine      'man1/json.1',
silly testEngine      'man1/docs.1',
silly testEngine      'man1/bundle.1',
silly testEngine      'man1/completion.1',
silly testEngine      'man1/developers.1',
silly testEngine      'man1/folders.1',
silly testEngine      'man1/npm.1',
silly testEngine      'man1/prefix.1',
silly testEngine      'man1/faq.1',
silly testEngine      'man1/uninstall.1',
silly testEngine      'man1/init.1',
silly testEngine      'man1/registry.1',
silly testEngine      'man1/coding-style.1',
silly testEngine      'man1/stop.1',
silly testEngine      'man1/root.1',
silly testEngine      'man1/rebuild.1',
silly testEngine      'man1/explore.1',
silly testEngine      'man1/run-script.1',
silly testEngine      'man1/ls.1',
silly testEngine      'man1/version.1',
silly testEngine      'man1/search.1',
silly testEngine      'man1/install.1',
silly testEngine      'man1/restart.1',
silly testEngine      'man1/adduser.1',
silly testEngine      'man1/config.1',
silly testEngine      'man1/deprecate.1',
silly testEngine      'man1/rm.1',
silly testEngine      'man1/get.1',
silly testEngine      'man1/global.1',
silly testEngine      'man1/scripts.1',
silly testEngine      'man1/bin.1',
silly testEngine      'man1/view.1',
silly testEngine      'man1/set.1',
silly testEngine      'man1/list.1',
silly testEngine      'man1/ln.1',
silly testEngine      'man1/publish.1' ] }
verbose caching /usr/local/lib/node_modules/npm/package.json
verbose loadDefaults npm@1.0.6
verbose into /usr/local/lib [ 'looseleaf' ]
verbose cache add [ 'looseleaf', null ]
info addNamed [ 'looseleaf', '' ]
verbose addNamed [ null, '' ]
verbose GET looseleaf
verbose raw, before any munging looseleaf
verbose url resolving [ 'http://registry.npmjs.org/', './looseleaf' ]
verbose url resolved http://registry.npmjs.org/looseleaf
verbose url parsed { protocol: 'http:',
verbose url parsed   slashes: true,
verbose url parsed   host: 'registry.npmjs.org',
verbose url parsed   hostname: 'registry.npmjs.org',
verbose url parsed   pathname: '/looseleaf',
verbose url parsed   href: 'http://registry.npmjs.org/looseleaf' }
verbose etag "BZSETGMYOKPDL9M6S6IOJBVRC"
verbose response http://registry.npmjs.org/looseleaf
silly get cb [ 304,
silly get cb   { server: 'CouchDB/1.0.2 (Erlang OTP/R14B)',
silly get cb     etag: '"BZSETGMYOKPDL9M6S6IOJBVRC"',
silly get cb     date: 'Tue, 24 May 2011 12:53:54 GMT',
silly get cb     'content-length': '0' } ]
verbose etag looseleaf from cache
verbose GET looseleaf/0.3.1
verbose raw, before any munging looseleaf/0.3.1
verbose url resolving [ 'http://registry.npmjs.org/', './looseleaf/0.3.1' ]
verbose url resolved http://registry.npmjs.org/looseleaf/0.3.1
verbose url parsed { protocol: 'http:',
verbose url parsed   slashes: true,
verbose url parsed   host: 'registry.npmjs.org',
verbose url parsed   hostname: 'registry.npmjs.org',
verbose url parsed   pathname: '/looseleaf/0.3.1',
verbose url parsed   href: 'http://registry.npmjs.org/looseleaf/0.3.1' }
verbose etag "BZSETGMYOKPDL9M6S6IOJBVRC"
verbose response http://registry.npmjs.org/looseleaf/0.3.1
silly get cb [ 304,
silly get cb   { server: 'CouchDB/1.0.2 (Erlang OTP/R14B)',
silly get cb     etag: '"BZSETGMYOKPDL9M6S6IOJBVRC"',
silly get cb     date: 'Tue, 24 May 2011 12:53:55 GMT',
silly get cb     'content-length': '0' } ]
verbose etag looseleaf/0.3.1 from cache
verbose bin dist [ '0.4-ares1.7.4-ev4.4-openssl0.9.8o-v83.1.8.8-linux-2.6.38-9-generic',
verbose bin dist   { shasum: 'c9c38ec87f5bbe4f71e6f95e5c4565feea70b4af',
verbose bin dist     tarball: 'http://registry.npmjs.org/looseleaf/-/looseleaf-0.3.1.tgz' } ]
silly resolved [ { name: 'looseleaf',
silly resolved     version: '0.3.1',
silly resolved     description: 'Lightweight blog engine on express',
silly resolved     keywords: [ 'CMS', 'blog', 'JSON', 'express' ],
silly resolved     homepage: 'http://looseleafjs.org/',
silly resolved     author: 
silly resolved      { name: 'tnantoka',
silly resolved        email: 'bornneet@livedoor.com',
silly resolved        url: 'http://blog.bornneet.com/' },
silly resolved     main: 'lib/looseleaf',
silly resolved     bin: { looseleaf: 'bin/looseleaf' },
silly resolved     repository: 
silly resolved      { type: 'git',
silly resolved        url: 'git://github.com/tnantoka/LooseLeaf.git' },
silly resolved     dependencies: 
silly resolved      { express: '>=2.0.0',
silly resolved        ejs: '>=0.3.1',
silly resolved        'connect-form': '>=0.2.0',
silly resolved        'node-uuid': '>=1.1.0',
silly resolved        validator: '>=0.2.0',
silly resolved        daemon: '>=0.3.0' },
silly resolved     engines: { node: '>= 0.4.0' },
silly resolved     devDependencies: {},
silly resolved     _id: 'looseleaf@0.3.1',
silly resolved     _engineSupported: true,
silly resolved     _npmVersion: '1.0.3',
silly resolved     _nodeVersion: 'v0.4.7',
silly resolved     _defaultsLoaded: true,
silly resolved     dist: 
silly resolved      { shasum: 'c9c38ec87f5bbe4f71e6f95e5c4565feea70b4af',
silly resolved        tarball: 'http://registry.npmjs.org/looseleaf/-/looseleaf-0.3.1.tgz' },
silly resolved     scripts: {},
silly resolved     directories: {} } ]
info into /usr/local/lib looseleaf@0.3.1
info installOne looseleaf@0.3.1
info unbuild /usr/local/lib/node_modules/looseleaf
silly testEngine { name: 'looseleaf',
silly testEngine   version: '0.3.1',
silly testEngine   description: 'Lightweight blog engine on express',
silly testEngine   keywords: [ 'CMS', 'blog', 'JSON', 'express' ],
silly testEngine   homepage: 'http://looseleafjs.org/',
silly testEngine   author: 
silly testEngine    { name: 'tnantoka',
silly testEngine      email: 'bornneet@livedoor.com',
silly testEngine      url: 'http://blog.bornneet.com/' },
silly testEngine   main: 'lib/looseleaf',
silly testEngine   bin: { looseleaf: 'bin/looseleaf' },
silly testEngine   repository: 
silly testEngine    { type: 'git',
silly testEngine      url: 'git://github.com/tnantoka/LooseLeaf.git' },
silly testEngine   dependencies: 
silly testEngine    { express: '>=2.0.0',
silly testEngine      ejs: '>=0.3.1',
silly testEngine      'connect-form': '>=0.2.0',
silly testEngine      'node-uuid': '>=1.1.0',
silly testEngine      validator: '>=0.2.0',
silly testEngine      daemon: '>=0.3.0' },
silly testEngine   engines: { node: '>= 0.4.0' },
silly testEngine   devDependencies: {},
silly testEngine   _id: 'looseleaf@0.3.1',
silly testEngine   _engineSupported: true,
silly testEngine   _npmVersion: '1.0.6',
silly testEngine   _nodeVersion: 'v0.4.5',
silly testEngine   _defaultsLoaded: true,
silly testEngine   dist: { shasum: '12667c4b5fa07ad10125d3ce2f9787a2a49c3140' } }
verbose caching /home/user/.npm/looseleaf/0.3.1/package.json
verbose unpack_ uid, gid [ undefined, undefined ]
verbose unpackTarget /usr/local/lib/node_modules/looseleaf
ERR! Could not create /usr/local/lib/node_modules/___looseleaf.npm
ERR! error installing looseleaf@0.3.1 Error: EACCES, Permission denied '/usr/local/lib/node_modules/___looseleaf.npm'
info unbuild /usr/local/lib/node_modules/looseleaf
verbose installOne cb looseleaf@0.3.1
ERR! Error: EACCES, Permission denied '/usr/local/lib/node_modules/___looseleaf.npm'
ERR! 
ERR! Please use 'sudo' or log in as root to run this command.
ERR!     sudo npm "link" "looseleaf"
ERR! or set the 'unsafe-perm' config var to true.
ERR!     npm config set unsafe-perm true
ERR! 
ERR! System Linux 2.6.38-9-generic
ERR! command "node" "/usr/local/bin/npm" "link" "looseleaf"
verbose exit [ 13, true ]
